This is pdfTeX, Version 3.141592653-2.6-1.40.26 (TeX Live 2024) (preloaded format=pdflatex 2025.2.10)  10 FEB 2025 15:23
entering extended mode
 restricted \write18 enabled.
 %&-line parsing enabled.
**outputs\output.tex

! Emergency stop.
<to be read again> 
                   \output 
<*> outputs\output
                  .tex
End of file on the terminal!

 
Here is how much of TeX's memory you used:
 4 strings out of 473201
 119 string characters out of 5720299
 391991 words of memory out of 5000000
 23356 multiletter control sequences out of 15000+600000
 558837 words of font info for 36 fonts, out of 8000000 for 9000
 1141 hyphenation exceptions out of 8191
 1i,0n,0p,1b,6s stack positions out of 10000i,1000n,20000p,200000b,200000s
!  ==> Fatal error occ